[0.483s] DEBUG:colcon:Command line arguments: ['/usr/bin/colcon', 'build']
[0.484s] DEBUG:colcon:Parsed command line arguments: Namespace(log_base=None, log_level=None, verb_name='build', build_base='build', install_base='install', merge_install=False, symlink_install=False, test_result_base=None, continue_on_error=False, executor='parallel', parallel_workers=16, event_handlers=None, ignore_user_meta=False, metas=['./colcon.meta'], base_paths=['.'], packages_ignore=None, packages_ignore_regex=None, paths=None, packages_up_to=None, packages_up_to_regex=None, packages_above=None, packages_above_and_dependencies=None, packages_above_depth=None, packages_select_by_dep=None, packages_skip_by_dep=None, packages_skip_up_to=None, packages_select_build_failed=False, packages_skip_build_finished=False, packages_select_test_failures=False, packages_skip_test_passed=False, packages_select=None, packages_skip=None, packages_select_regex=None, packages_skip_regex=None, packages_start=None, packages_end=None, allow_overriding=[], cmake_args=None, cmake_target=None, cmake_target_skip_unavailable=False, cmake_clean_cache=False, cmake_clean_first=False, cmake_force_configure=False, ament_cmake_args=None, catkin_cmake_args=None, catkin_skip_building_tests=False, mixin_files=None, mixin=None, verb_parser=<colcon_mixin.mixin.mixin_argument.MixinArgumentDecorator object at 0x757b9eb868d0>, verb_extension=<colcon_core.verb.build.BuildVerb object at 0x757b9ecaf200>, main=<bound method BuildVerb.main of <colcon_core.verb.build.BuildVerb object at 0x757b9ecaf200>>, mixin_verb=('build',))
[0.638s] Level 1:colcon.colcon_core.package_discovery:discover_packages(colcon_meta) check parameters
[0.638s] Level 1:colcon.colcon_core.package_discovery:discover_packages(recursive) check parameters
[0.638s] Level 1:colcon.colcon_core.package_discovery:discover_packages(ignore) check parameters
[0.638s] Level 1:colcon.colcon_core.package_discovery:discover_packages(path) check parameters
[0.638s] Level 1:colcon.colcon_core.package_discovery:discover_packages(colcon_meta) discover
[0.639s] Level 1:colcon.colcon_core.package_discovery:discover_packages(recursive) discover
[0.639s] INFO:colcon.colcon_core.package_discovery:Crawling recursively for packages in '/home/pdite/ros2_ws'
[0.639s] Level 1:colcon.colcon_core.package_identification:_identify(.) by extensions ['ignore', 'ignore_ament_install']
[0.639s] Level 1:colcon.colcon_core.package_identification:_identify(.) by extension 'ignore'
[0.639s] Level 1:colcon.colcon_core.package_identification:_identify(.) by extension 'ignore_ament_install'
[0.639s] Level 1:colcon.colcon_core.package_identification:_identify(.) by extensions ['colcon_pkg']
[0.639s] Level 1:colcon.colcon_core.package_identification:_identify(.) by extension 'colcon_pkg'
[0.639s] Level 1:colcon.colcon_core.package_identification:_identify(.) by extensions ['colcon_meta']
[0.639s] Level 1:colcon.colcon_core.package_identification:_identify(.) by extension 'colcon_meta'
[0.640s] Level 1:colcon.colcon_core.package_identification:_identify(.) by extensions ['ros']
[0.640s] Level 1:colcon.colcon_core.package_identification:_identify(.) by extension 'ros'
[0.711s] Level 1:colcon.colcon_core.package_identification:_identify(.) by extensions ['cmake', 'python']
[0.711s] Level 1:colcon.colcon_core.package_identification:_identify(.) by extension 'cmake'
[0.712s] Level 1:colcon.colcon_core.package_identification:_identify(.) by extension 'python'
[0.712s] Level 1:colcon.colcon_core.package_identification:_identify(.) by extensions ['python_setup_py']
[0.712s] Level 1:colcon.colcon_core.package_identification:_identify(.) by extension 'python_setup_py'
[0.712s] Level 1:colcon.colcon_core.package_identification:_identify(build) by extensions ['ignore', 'ignore_ament_install']
[0.713s] Level 1:colcon.colcon_core.package_identification:_identify(build) by extension 'ignore'
[0.713s] Level 1:colcon.colcon_core.package_identification:_identify(build) ignored
[0.713s] Level 1:colcon.colcon_core.package_identification:_identify(install) by extensions ['ignore', 'ignore_ament_install']
[0.713s] Level 1:colcon.colcon_core.package_identification:_identify(install) by extension 'ignore'
[0.713s] Level 1:colcon.colcon_core.package_identification:_identify(install) ignored
[0.714s] Level 1:colcon.colcon_core.package_identification:_identify(log) by extensions ['ignore', 'ignore_ament_install']
[0.714s] Level 1:colcon.colcon_core.package_identification:_identify(log) by extension 'ignore'
[0.714s] Level 1:colcon.colcon_core.package_identification:_identify(log) ignored
[0.715s] Level 1:colcon.colcon_core.package_identification:_identify(src) by extensions ['ignore', 'ignore_ament_install']
[0.715s] Level 1:colcon.colcon_core.package_identification:_identify(src) by extension 'ignore'
[0.715s] Level 1:colcon.colcon_core.package_identification:_identify(src) by extension 'ignore_ament_install'
[0.715s] Level 1:colcon.colcon_core.package_identification:_identify(src) by extensions ['colcon_pkg']
[0.715s] Level 1:colcon.colcon_core.package_identification:_identify(src) by extension 'colcon_pkg'
[0.715s] Level 1:colcon.colcon_core.package_identification:_identify(src) by extensions ['colcon_meta']
[0.715s] Level 1:colcon.colcon_core.package_identification:_identify(src) by extension 'colcon_meta'
[0.715s] Level 1:colcon.colcon_core.package_identification:_identify(src) by extensions ['ros']
[0.715s] Level 1:colcon.colcon_core.package_identification:_identify(src) by extension 'ros'
[0.716s] Level 1:colcon.colcon_core.package_identification:_identify(src) by extensions ['cmake', 'python']
[0.716s] Level 1:colcon.colcon_core.package_identification:_identify(src) by extension 'cmake'
[0.716s] Level 1:colcon.colcon_core.package_identification:_identify(src) by extension 'python'
[0.716s] Level 1:colcon.colcon_core.package_identification:_identify(src) by extensions ['python_setup_py']
[0.716s] Level 1:colcon.colcon_core.package_identification:_identify(src) by extension 'python_setup_py'
[0.717s] Level 1:colcon.colcon_core.package_identification:_identify(src/build) by extensions ['ignore', 'ignore_ament_install']
[0.717s] Level 1:colcon.colcon_core.package_identification:_identify(src/build) by extension 'ignore'
[0.717s] Level 1:colcon.colcon_core.package_identification:_identify(src/build) by extension 'ignore_ament_install'
[0.717s] Level 1:colcon.colcon_core.package_identification:_identify(src/build) by extensions ['colcon_pkg']
[0.717s] Level 1:colcon.colcon_core.package_identification:_identify(src/build) by extension 'colcon_pkg'
[0.717s] Level 1:colcon.colcon_core.package_identification:_identify(src/build) by extensions ['colcon_meta']
[0.718s] Level 1:colcon.colcon_core.package_identification:_identify(src/build) by extension 'colcon_meta'
[0.718s] Level 1:colcon.colcon_core.package_identification:_identify(src/build) by extensions ['ros']
[0.718s] Level 1:colcon.colcon_core.package_identification:_identify(src/build) by extension 'ros'
[0.718s] Level 1:colcon.colcon_core.package_identification:_identify(src/build) ignored
[0.718s] Level 1:colcon.colcon_core.package_identification:_identify(src/my_cpp_pkg) by extensions ['ignore', 'ignore_ament_install']
[0.718s] Level 1:colcon.colcon_core.package_identification:_identify(src/my_cpp_pkg) by extension 'ignore'
[0.719s] Level 1:colcon.colcon_core.package_identification:_identify(src/my_cpp_pkg) by extension 'ignore_ament_install'
[0.719s] Level 1:colcon.colcon_core.package_identification:_identify(src/my_cpp_pkg) by extensions ['colcon_pkg']
[0.719s] Level 1:colcon.colcon_core.package_identification:_identify(src/my_cpp_pkg) by extension 'colcon_pkg'
[0.719s] Level 1:colcon.colcon_core.package_identification:_identify(src/my_cpp_pkg) by extensions ['colcon_meta']
[0.719s] Level 1:colcon.colcon_core.package_identification:_identify(src/my_cpp_pkg) by extension 'colcon_meta'
[0.719s] Level 1:colcon.colcon_core.package_identification:_identify(src/my_cpp_pkg) by extensions ['ros']
[0.719s] Level 1:colcon.colcon_core.package_identification:_identify(src/my_cpp_pkg) by extension 'ros'
[0.727s] DEBUG:colcon.colcon_core.package_identification:Package 'src/my_cpp_pkg' with type 'ros.ament_cmake' and name 'my_cpp_pkg'
[0.728s] Level 1:colcon.colcon_core.package_identification:_identify(src/my_py_pkg) by extensions ['ignore', 'ignore_ament_install']
[0.728s] Level 1:colcon.colcon_core.package_identification:_identify(src/my_py_pkg) by extension 'ignore'
[0.728s] Level 1:colcon.colcon_core.package_identification:_identify(src/my_py_pkg) by extension 'ignore_ament_install'
[0.728s] Level 1:colcon.colcon_core.package_identification:_identify(src/my_py_pkg) by extensions ['colcon_pkg']
[0.728s] Level 1:colcon.colcon_core.package_identification:_identify(src/my_py_pkg) by extension 'colcon_pkg'
[0.728s] Level 1:colcon.colcon_core.package_identification:_identify(src/my_py_pkg) by extensions ['colcon_meta']
[0.728s] Level 1:colcon.colcon_core.package_identification:_identify(src/my_py_pkg) by extension 'colcon_meta'
[0.728s] Level 1:colcon.colcon_core.package_identification:_identify(src/my_py_pkg) by extensions ['ros']
[0.728s] Level 1:colcon.colcon_core.package_identification:_identify(src/my_py_pkg) by extension 'ros'
[0.730s] DEBUG:colcon.colcon_core.package_identification:Package 'src/my_py_pkg' with type 'ros.ament_python' and name 'my_py_pkg'
[0.730s] Level 1:colcon.colcon_core.package_identification:_identify(welcome-to-docker) by extensions ['ignore', 'ignore_ament_install']
[0.730s] Level 1:colcon.colcon_core.package_identification:_identify(welcome-to-docker) by extension 'ignore'
[0.731s] Level 1:colcon.colcon_core.package_identification:_identify(welcome-to-docker) by extension 'ignore_ament_install'
[0.731s] Level 1:colcon.colcon_core.package_identification:_identify(welcome-to-docker) by extensions ['colcon_pkg']
[0.731s] Level 1:colcon.colcon_core.package_identification:_identify(welcome-to-docker) by extension 'colcon_pkg'
[0.731s] Level 1:colcon.colcon_core.package_identification:_identify(welcome-to-docker) by extensions ['colcon_meta']
[0.732s] Level 1:colcon.colcon_core.package_identification:_identify(welcome-to-docker) by extension 'colcon_meta'
[0.732s] Level 1:colcon.colcon_core.package_identification:_identify(welcome-to-docker) by extensions ['ros']
[0.732s] Level 1:colcon.colcon_core.package_identification:_identify(welcome-to-docker) by extension 'ros'
[0.732s] Level 1:colcon.colcon_core.package_identification:_identify(welcome-to-docker) by extensions ['cmake', 'python']
[0.732s] Level 1:colcon.colcon_core.package_identification:_identify(welcome-to-docker) by extension 'cmake'
[0.732s] Level 1:colcon.colcon_core.package_identification:_identify(welcome-to-docker) by extension 'python'
[0.732s] Level 1:colcon.colcon_core.package_identification:_identify(welcome-to-docker) by extensions ['python_setup_py']
[0.732s] Level 1:colcon.colcon_core.package_identification:_identify(welcome-to-docker) by extension 'python_setup_py'
[0.733s] Level 1:colcon.colcon_core.package_identification:_identify(welcome-to-docker/public) by extensions ['ignore', 'ignore_ament_install']
[0.734s] Level 1:colcon.colcon_core.package_identification:_identify(welcome-to-docker/public) by extension 'ignore'
[0.734s] Level 1:colcon.colcon_core.package_identification:_identify(welcome-to-docker/public) by extension 'ignore_ament_install'
[0.734s] Level 1:colcon.colcon_core.package_identification:_identify(welcome-to-docker/public) by extensions ['colcon_pkg']
[0.734s] Level 1:colcon.colcon_core.package_identification:_identify(welcome-to-docker/public) by extension 'colcon_pkg'
[0.734s] Level 1:colcon.colcon_core.package_identification:_identify(welcome-to-docker/public) by extensions ['colcon_meta']
[0.734s] Level 1:colcon.colcon_core.package_identification:_identify(welcome-to-docker/public) by extension 'colcon_meta'
[0.734s] Level 1:colcon.colcon_core.package_identification:_identify(welcome-to-docker/public) by extensions ['ros']
[0.734s] Level 1:colcon.colcon_core.package_identification:_identify(welcome-to-docker/public) by extension 'ros'
[0.734s] Level 1:colcon.colcon_core.package_identification:_identify(welcome-to-docker/public) by extensions ['cmake', 'python']
[0.734s] Level 1:colcon.colcon_core.package_identification:_identify(welcome-to-docker/public) by extension 'cmake'
[0.734s] Level 1:colcon.colcon_core.package_identification:_identify(welcome-to-docker/public) by extension 'python'
[0.734s] Level 1:colcon.colcon_core.package_identification:_identify(welcome-to-docker/public) by extensions ['python_setup_py']
[0.734s] Level 1:colcon.colcon_core.package_identification:_identify(welcome-to-docker/public) by extension 'python_setup_py'
[0.735s] Level 1:colcon.colcon_core.package_identification:_identify(welcome-to-docker/src) by extensions ['ignore', 'ignore_ament_install']
[0.735s] Level 1:colcon.colcon_core.package_identification:_identify(welcome-to-docker/src) by extension 'ignore'
[0.736s] Level 1:colcon.colcon_core.package_identification:_identify(welcome-to-docker/src) by extension 'ignore_ament_install'
[0.736s] Level 1:colcon.colcon_core.package_identification:_identify(welcome-to-docker/src) by extensions ['colcon_pkg']
[0.736s] Level 1:colcon.colcon_core.package_identification:_identify(welcome-to-docker/src) by extension 'colcon_pkg'
[0.736s] Level 1:colcon.colcon_core.package_identification:_identify(welcome-to-docker/src) by extensions ['colcon_meta']
[0.736s] Level 1:colcon.colcon_core.package_identification:_identify(welcome-to-docker/src) by extension 'colcon_meta'
[0.736s] Level 1:colcon.colcon_core.package_identification:_identify(welcome-to-docker/src) by extensions ['ros']
[0.737s] Level 1:colcon.colcon_core.package_identification:_identify(welcome-to-docker/src) by extension 'ros'
[0.737s] Level 1:colcon.colcon_core.package_identification:_identify(welcome-to-docker/src) by extensions ['cmake', 'python']
[0.737s] Level 1:colcon.colcon_core.package_identification:_identify(welcome-to-docker/src) by extension 'cmake'
[0.737s] Level 1:colcon.colcon_core.package_identification:_identify(welcome-to-docker/src) by extension 'python'
[0.737s] Level 1:colcon.colcon_core.package_identification:_identify(welcome-to-docker/src) by extensions ['python_setup_py']
[0.737s] Level 1:colcon.colcon_core.package_identification:_identify(welcome-to-docker/src) by extension 'python_setup_py'
[0.738s] Level 1:colcon.colcon_core.package_discovery:discover_packages(recursive) using defaults
[0.738s] Level 1:colcon.colcon_core.package_discovery:discover_packages(ignore) discover
[0.738s] Level 1:colcon.colcon_core.package_discovery:discover_packages(ignore) using defaults
[0.738s] Level 1:colcon.colcon_core.package_discovery:discover_packages(path) discover
[0.738s] Level 1:colcon.colcon_core.package_discovery:discover_packages(path) using defaults
[0.799s] Level 1:colcon.colcon_core.package_discovery:discover_packages(prefix_path) check parameters
[0.799s] Level 1:colcon.colcon_core.package_discovery:discover_packages(prefix_path) discover
[0.822s] DEBUG:colcon.colcon_installed_package_information.package_discovery:Found 2 installed packages in /home/pdite/ros2_ws/install
[0.826s] DEBUG:colcon.colcon_installed_package_information.package_discovery:Found 378 installed packages in /opt/ros/jazzy
[0.829s] Level 1:colcon.colcon_core.package_discovery:discover_packages(prefix_path) using defaults
[0.946s] Level 5:colcon.colcon_core.verb:set package 'my_cpp_pkg' build argument 'cmake_args' from command line to 'None'
[0.946s] Level 5:colcon.colcon_core.verb:set package 'my_cpp_pkg' build argument 'cmake_target' from command line to 'None'
[0.946s] Level 5:colcon.colcon_core.verb:set package 'my_cpp_pkg' build argument 'cmake_target_skip_unavailable' from command line to 'False'
[0.946s] Level 5:colcon.colcon_core.verb:set package 'my_cpp_pkg' build argument 'cmake_clean_cache' from command line to 'False'
[0.946s] Level 5:colcon.colcon_core.verb:set package 'my_cpp_pkg' build argument 'cmake_clean_first' from command line to 'False'
[0.946s] Level 5:colcon.colcon_core.verb:set package 'my_cpp_pkg' build argument 'cmake_force_configure' from command line to 'False'
[0.946s] Level 5:colcon.colcon_core.verb:set package 'my_cpp_pkg' build argument 'ament_cmake_args' from command line to 'None'
[0.946s] Level 5:colcon.colcon_core.verb:set package 'my_cpp_pkg' build argument 'catkin_cmake_args' from command line to 'None'
[0.946s] Level 5:colcon.colcon_core.verb:set package 'my_cpp_pkg' build argument 'catkin_skip_building_tests' from command line to 'False'
[0.947s] DEBUG:colcon.colcon_core.verb:Building package 'my_cpp_pkg' with the following arguments: {'ament_cmake_args': None, 'build_base': '/home/pdite/ros2_ws/build/my_cpp_pkg', 'catkin_cmake_args': None, 'catkin_skip_building_tests': False, 'cmake_args': None, 'cmake_clean_cache': False, 'cmake_clean_first': False, 'cmake_force_configure': False, 'cmake_target': None, 'cmake_target_skip_unavailable': False, 'install_base': '/home/pdite/ros2_ws/install/my_cpp_pkg', 'merge_install': False, 'path': '/home/pdite/ros2_ws/src/my_cpp_pkg', 'symlink_install': False, 'test_result_base': None}
[0.947s] Level 5:colcon.colcon_core.verb:set package 'my_py_pkg' build argument 'cmake_args' from command line to 'None'
[0.947s] Level 5:colcon.colcon_core.verb:set package 'my_py_pkg' build argument 'cmake_target' from command line to 'None'
[0.947s] Level 5:colcon.colcon_core.verb:set package 'my_py_pkg' build argument 'cmake_target_skip_unavailable' from command line to 'False'
[0.947s] Level 5:colcon.colcon_core.verb:set package 'my_py_pkg' build argument 'cmake_clean_cache' from command line to 'False'
[0.947s] Level 5:colcon.colcon_core.verb:set package 'my_py_pkg' build argument 'cmake_clean_first' from command line to 'False'
[0.947s] Level 5:colcon.colcon_core.verb:set package 'my_py_pkg' build argument 'cmake_force_configure' from command line to 'False'
[0.947s] Level 5:colcon.colcon_core.verb:set package 'my_py_pkg' build argument 'ament_cmake_args' from command line to 'None'
[0.947s] Level 5:colcon.colcon_core.verb:set package 'my_py_pkg' build argument 'catkin_cmake_args' from command line to 'None'
[0.947s] Level 5:colcon.colcon_core.verb:set package 'my_py_pkg' build argument 'catkin_skip_building_tests' from command line to 'False'
[0.948s] DEBUG:colcon.colcon_core.verb:Building package 'my_py_pkg' with the following arguments: {'ament_cmake_args': None, 'build_base': '/home/pdite/ros2_ws/build/my_py_pkg', 'catkin_cmake_args': None, 'catkin_skip_building_tests': False, 'cmake_args': None, 'cmake_clean_cache': False, 'cmake_clean_first': False, 'cmake_force_configure': False, 'cmake_target': None, 'cmake_target_skip_unavailable': False, 'install_base': '/home/pdite/ros2_ws/install/my_py_pkg', 'merge_install': False, 'path': '/home/pdite/ros2_ws/src/my_py_pkg', 'symlink_install': False, 'test_result_base': None}
[0.948s] INFO:colcon.colcon_core.executor:Executing jobs using 'parallel' executor
[0.949s] DEBUG:colcon.colcon_parallel_executor.executor.parallel:run_until_complete
[0.950s] INFO:colcon.colcon_ros.task.ament_cmake.build:Building ROS package in '/home/pdite/ros2_ws/src/my_cpp_pkg' with build type 'ament_cmake'
[0.950s] INFO:colcon.colcon_cmake.task.cmake.build:Building CMake package in '/home/pdite/ros2_ws/src/my_cpp_pkg'
[0.962s] INFO:colcon.colcon_core.plugin_system:Skipping extension 'colcon_core.shell.bat': Not used on non-Windows systems
[0.963s] INFO:colcon.colcon_core.shell:Skip shell extension 'powershell' for command environment: Not usable outside of PowerShell
[0.963s] DEBUG:colcon.colcon_core.shell:Skip shell extension 'dsv' for command environment
[0.976s] INFO:colcon.colcon_ros.task.ament_python.build:Building ROS package in '/home/pdite/ros2_ws/src/my_py_pkg' with build type 'ament_python'
[0.977s] Level 1:colcon.colcon_core.shell:create_environment_hook('my_py_pkg', 'ament_prefix_path')
[0.977s] INFO:colcon.colcon_core.shell:Creating environment hook '/home/pdite/ros2_ws/install/my_py_pkg/share/my_py_pkg/hook/ament_prefix_path.ps1'
[0.981s] INFO:colcon.colcon_core.shell:Creating environment descriptor '/home/pdite/ros2_ws/install/my_py_pkg/share/my_py_pkg/hook/ament_prefix_path.dsv'
[0.983s] INFO:colcon.colcon_core.shell:Creating environment hook '/home/pdite/ros2_ws/install/my_py_pkg/share/my_py_pkg/hook/ament_prefix_path.sh'
[0.987s] INFO:colcon.colcon_core.shell:Skip shell extension 'powershell' for command environment: Not usable outside of PowerShell
[0.987s] DEBUG:colcon.colcon_core.shell:Skip shell extension 'dsv' for command environment
[1.009s] DEBUG:colcon.colcon_core.event_handler.log_command:Invoking command in '/home/pdite/ros2_ws/build/my_cpp_pkg': CMAKE_PREFIX_PATH=${CMAKE_PREFIX_PATH}:/home/pdite/ros2_ws/install/my_py_pkg:/opt/ros/jazzy /usr/bin/cmake --build /home/pdite/ros2_ws/build/my_cpp_pkg -- -j16 -l16
[1.496s] INFO:colcon.colcon_core.task.python.build:Building Python package in '/home/pdite/ros2_ws/src/my_py_pkg'
[1.496s] INFO:colcon.colcon_core.shell:Skip shell extension 'powershell' for command environment: Not usable outside of PowerShell
[1.496s] DEBUG:colcon.colcon_core.shell:Skip shell extension 'dsv' for command environment
[4.721s] DEBUG:colcon.colcon_core.event_handler.log_command:Invoking command in '/home/pdite/ros2_ws/src/my_py_pkg': PYTHONPATH=/home/pdite/ros2_ws/build/my_py_pkg/prefix_override:/usr/lib/python3/dist-packages/colcon_core/task/python/colcon_distutils_commands:/home/pdite/ros2_ws/install/my_py_pkg/lib/python3.12/site-packages:${PYTHONPATH} /usr/bin/python3 -W ignore:setup.py install is deprecated -W ignore:easy_install command is deprecated setup.py egg_info --egg-base ../../build/my_py_pkg build --build-base /home/pdite/ros2_ws/build/my_py_pkg/build install --record /home/pdite/ros2_ws/build/my_py_pkg/install.log --single-version-externally-managed install_data
[5.996s] DEBUG:colcon.colcon_core.event_handler.log_command:Invoked command in '/home/pdite/ros2_ws/src/my_py_pkg' returned '0': PYTHONPATH=/home/pdite/ros2_ws/build/my_py_pkg/prefix_override:/usr/lib/python3/dist-packages/colcon_core/task/python/colcon_distutils_commands:/home/pdite/ros2_ws/install/my_py_pkg/lib/python3.12/site-packages:${PYTHONPATH} /usr/bin/python3 -W ignore:setup.py install is deprecated -W ignore:easy_install command is deprecated setup.py egg_info --egg-base ../../build/my_py_pkg build --build-base /home/pdite/ros2_ws/build/my_py_pkg/build install --record /home/pdite/ros2_ws/build/my_py_pkg/install.log --single-version-externally-managed install_data
[6.011s] Level 1:colcon.colcon_core.environment:checking '/home/pdite/ros2_ws/install/my_py_pkg' for CMake module files
[6.013s] Level 1:colcon.colcon_core.environment:checking '/home/pdite/ros2_ws/install/my_py_pkg' for CMake config files
[6.018s] Level 1:colcon.colcon_core.environment:checking '/home/pdite/ros2_ws/install/my_py_pkg/lib'
[6.019s] Level 1:colcon.colcon_core.environment:checking '/home/pdite/ros2_ws/install/my_py_pkg/bin'
[6.019s] Level 1:colcon.colcon_core.environment:checking '/home/pdite/ros2_ws/install/my_py_pkg/lib/pkgconfig/my_py_pkg.pc'
[6.019s] Level 1:colcon.colcon_core.environment:checking '/home/pdite/ros2_ws/install/my_py_pkg/lib/python3.12/site-packages'
[6.019s] Level 1:colcon.colcon_core.shell:create_environment_hook('my_py_pkg', 'pythonpath')
[6.020s] INFO:colcon.colcon_core.shell:Creating environment hook '/home/pdite/ros2_ws/install/my_py_pkg/share/my_py_pkg/hook/pythonpath.ps1'
[6.021s] INFO:colcon.colcon_core.shell:Creating environment descriptor '/home/pdite/ros2_ws/install/my_py_pkg/share/my_py_pkg/hook/pythonpath.dsv'
[6.022s] INFO:colcon.colcon_core.shell:Creating environment hook '/home/pdite/ros2_ws/install/my_py_pkg/share/my_py_pkg/hook/pythonpath.sh'
[6.023s] Level 1:colcon.colcon_core.environment:checking '/home/pdite/ros2_ws/install/my_py_pkg/bin'
[6.024s] Level 1:colcon.colcon_core.environment:create_environment_scripts_only(my_py_pkg)
[6.024s] INFO:colcon.colcon_core.shell:Creating package script '/home/pdite/ros2_ws/install/my_py_pkg/share/my_py_pkg/package.ps1'
[6.028s] INFO:colcon.colcon_core.shell:Creating package descriptor '/home/pdite/ros2_ws/install/my_py_pkg/share/my_py_pkg/package.dsv'
[6.030s] INFO:colcon.colcon_core.shell:Creating package script '/home/pdite/ros2_ws/install/my_py_pkg/share/my_py_pkg/package.sh'
[6.031s] INFO:colcon.colcon_core.shell:Creating package script '/home/pdite/ros2_ws/install/my_py_pkg/share/my_py_pkg/package.bash'
[6.034s] INFO:colcon.colcon_core.shell:Creating package script '/home/pdite/ros2_ws/install/my_py_pkg/share/my_py_pkg/package.zsh'
[6.036s] Level 1:colcon.colcon_core.environment:create_file_with_runtime_dependencies(/home/pdite/ros2_ws/install/my_py_pkg/share/colcon-core/packages/my_py_pkg)
[20.210s] DEBUG:colcon.colcon_core.event_handler.log_command:Invoked command in '/home/pdite/ros2_ws/build/my_cpp_pkg' returned '0': CMAKE_PREFIX_PATH=${CMAKE_PREFIX_PATH}:/home/pdite/ros2_ws/install/my_py_pkg:/opt/ros/jazzy /usr/bin/cmake --build /home/pdite/ros2_ws/build/my_cpp_pkg -- -j16 -l16
[20.242s] DEBUG:colcon.colcon_core.event_handler.log_command:Invoking command in '/home/pdite/ros2_ws/build/my_cpp_pkg': CMAKE_PREFIX_PATH=${CMAKE_PREFIX_PATH}:/home/pdite/ros2_ws/install/my_py_pkg:/opt/ros/jazzy /usr/bin/cmake --install /home/pdite/ros2_ws/build/my_cpp_pkg
[20.302s] Level 1:colcon.colcon_core.environment:create_environment_scripts_only(my_cpp_pkg)
[20.302s] Level 1:colcon.colcon_core.environment:checking '/home/pdite/ros2_ws/install/my_cpp_pkg' for CMake module files
[20.303s] DEBUG:colcon.colcon_core.event_handler.log_command:Invoked command in '/home/pdite/ros2_ws/build/my_cpp_pkg' returned '0': CMAKE_PREFIX_PATH=${CMAKE_PREFIX_PATH}:/home/pdite/ros2_ws/install/my_py_pkg:/opt/ros/jazzy /usr/bin/cmake --install /home/pdite/ros2_ws/build/my_cpp_pkg
[20.306s] Level 1:colcon.colcon_core.environment:checking '/home/pdite/ros2_ws/install/my_cpp_pkg' for CMake config files
[20.310s] Level 1:colcon.colcon_core.shell:create_environment_hook('my_cpp_pkg', 'cmake_prefix_path')
[20.310s] INFO:colcon.colcon_core.shell:Creating environment hook '/home/pdite/ros2_ws/install/my_cpp_pkg/share/my_cpp_pkg/hook/cmake_prefix_path.ps1'
[20.312s] INFO:colcon.colcon_core.shell:Creating environment descriptor '/home/pdite/ros2_ws/install/my_cpp_pkg/share/my_cpp_pkg/hook/cmake_prefix_path.dsv'
[20.313s] INFO:colcon.colcon_core.shell:Creating environment hook '/home/pdite/ros2_ws/install/my_cpp_pkg/share/my_cpp_pkg/hook/cmake_prefix_path.sh'
[20.315s] Level 1:colcon.colcon_core.environment:checking '/home/pdite/ros2_ws/install/my_cpp_pkg/lib'
[20.315s] Level 1:colcon.colcon_core.environment:checking '/home/pdite/ros2_ws/install/my_cpp_pkg/bin'
[20.315s] Level 1:colcon.colcon_core.environment:checking '/home/pdite/ros2_ws/install/my_cpp_pkg/lib/pkgconfig/my_cpp_pkg.pc'
[20.315s] Level 1:colcon.colcon_core.environment:checking '/home/pdite/ros2_ws/install/my_cpp_pkg/lib/python3.12/site-packages'
[20.316s] Level 1:colcon.colcon_core.environment:checking '/home/pdite/ros2_ws/install/my_cpp_pkg/bin'
[20.316s] INFO:colcon.colcon_core.shell:Creating package script '/home/pdite/ros2_ws/install/my_cpp_pkg/share/my_cpp_pkg/package.ps1'
[20.317s] INFO:colcon.colcon_core.shell:Creating package descriptor '/home/pdite/ros2_ws/install/my_cpp_pkg/share/my_cpp_pkg/package.dsv'
[20.318s] INFO:colcon.colcon_core.shell:Creating package script '/home/pdite/ros2_ws/install/my_cpp_pkg/share/my_cpp_pkg/package.sh'
[20.318s] INFO:colcon.colcon_core.shell:Creating package script '/home/pdite/ros2_ws/install/my_cpp_pkg/share/my_cpp_pkg/package.bash'
[20.320s] INFO:colcon.colcon_core.shell:Creating package script '/home/pdite/ros2_ws/install/my_cpp_pkg/share/my_cpp_pkg/package.zsh'
[20.320s] Level 1:colcon.colcon_core.environment:create_file_with_runtime_dependencies(/home/pdite/ros2_ws/install/my_cpp_pkg/share/colcon-core/packages/my_cpp_pkg)
[20.322s] Level 1:colcon.colcon_core.environment:create_environment_scripts_only(my_cpp_pkg)
[20.322s] Level 1:colcon.colcon_core.environment:checking '/home/pdite/ros2_ws/install/my_cpp_pkg' for CMake module files
[20.323s] Level 1:colcon.colcon_core.environment:checking '/home/pdite/ros2_ws/install/my_cpp_pkg' for CMake config files
[20.323s] Level 1:colcon.colcon_core.shell:create_environment_hook('my_cpp_pkg', 'cmake_prefix_path')
[20.324s] INFO:colcon.colcon_core.shell:Creating environment hook '/home/pdite/ros2_ws/install/my_cpp_pkg/share/my_cpp_pkg/hook/cmake_prefix_path.ps1'
[20.324s] INFO:colcon.colcon_core.shell:Creating environment descriptor '/home/pdite/ros2_ws/install/my_cpp_pkg/share/my_cpp_pkg/hook/cmake_prefix_path.dsv'
[20.325s] INFO:colcon.colcon_core.shell:Creating environment hook '/home/pdite/ros2_ws/install/my_cpp_pkg/share/my_cpp_pkg/hook/cmake_prefix_path.sh'
[20.326s] Level 1:colcon.colcon_core.environment:checking '/home/pdite/ros2_ws/install/my_cpp_pkg/lib'
[20.326s] Level 1:colcon.colcon_core.environment:checking '/home/pdite/ros2_ws/install/my_cpp_pkg/bin'
[20.326s] Level 1:colcon.colcon_core.environment:checking '/home/pdite/ros2_ws/install/my_cpp_pkg/lib/pkgconfig/my_cpp_pkg.pc'
[20.326s] Level 1:colcon.colcon_core.environment:checking '/home/pdite/ros2_ws/install/my_cpp_pkg/lib/python3.12/site-packages'
[20.326s] Level 1:colcon.colcon_core.environment:checking '/home/pdite/ros2_ws/install/my_cpp_pkg/bin'
[20.327s] INFO:colcon.colcon_core.shell:Creating package script '/home/pdite/ros2_ws/install/my_cpp_pkg/share/my_cpp_pkg/package.ps1'
[20.328s] INFO:colcon.colcon_core.shell:Creating package descriptor '/home/pdite/ros2_ws/install/my_cpp_pkg/share/my_cpp_pkg/package.dsv'
[20.328s] INFO:colcon.colcon_core.shell:Creating package script '/home/pdite/ros2_ws/install/my_cpp_pkg/share/my_cpp_pkg/package.sh'
[20.329s] INFO:colcon.colcon_core.shell:Creating package script '/home/pdite/ros2_ws/install/my_cpp_pkg/share/my_cpp_pkg/package.bash'
[20.330s] INFO:colcon.colcon_core.shell:Creating package script '/home/pdite/ros2_ws/install/my_cpp_pkg/share/my_cpp_pkg/package.zsh'
[20.331s] Level 1:colcon.colcon_core.environment:create_file_with_runtime_dependencies(/home/pdite/ros2_ws/install/my_cpp_pkg/share/colcon-core/packages/my_cpp_pkg)
[20.331s] DEBUG:colcon.colcon_parallel_executor.executor.parallel:closing loop
[20.332s] DEBUG:colcon.colcon_parallel_executor.executor.parallel:loop closed
[20.333s] DEBUG:colcon.colcon_parallel_executor.executor.parallel:run_until_complete finished with '0'
[20.333s] DEBUG:colcon.colcon_core.event_reactor:joining thread
[20.403s] INFO:colcon.colcon_core.plugin_system:Skipping extension 'colcon_notification.desktop_notification.notify_send': Could not find 'notify-send'
[20.403s] INFO:colcon.colcon_core.plugin_system:Skipping extension 'colcon_notification.desktop_notification.terminal_notifier': Not used on non-Darwin systems
[20.403s] INFO:colcon.colcon_core.plugin_system:Skipping extension 'colcon_notification.desktop_notification.win32': Not used on non-Windows systems
[20.403s] INFO:colcon.colcon_notification.desktop_notification:Sending desktop notification using 'notify2'
[20.524s] DEBUG:colcon.colcon_notification.desktop_notification.notify2:Failed to initialize notify2: org.freedesktop.DBus.Error.ServiceUnknown: The name org.freedesktop.Notifications was not provided by any .service files
[20.524s] DEBUG:colcon.colcon_core.event_reactor:joined thread
[20.524s] INFO:colcon.colcon_core.shell:Creating prefix script '/home/pdite/ros2_ws/install/local_setup.ps1'
[20.527s] INFO:colcon.colcon_core.shell:Creating prefix util module '/home/pdite/ros2_ws/install/_local_setup_util_ps1.py'
[20.529s] INFO:colcon.colcon_core.shell:Creating prefix chain script '/home/pdite/ros2_ws/install/setup.ps1'
[20.531s] INFO:colcon.colcon_core.shell:Creating prefix script '/home/pdite/ros2_ws/install/local_setup.sh'
[20.533s] INFO:colcon.colcon_core.shell:Creating prefix util module '/home/pdite/ros2_ws/install/_local_setup_util_sh.py'
[20.534s] INFO:colcon.colcon_core.shell:Creating prefix chain script '/home/pdite/ros2_ws/install/setup.sh'
[20.537s] INFO:colcon.colcon_core.shell:Creating prefix script '/home/pdite/ros2_ws/install/local_setup.bash'
[20.539s] INFO:colcon.colcon_core.shell:Creating prefix chain script '/home/pdite/ros2_ws/install/setup.bash'
[20.542s] INFO:colcon.colcon_core.shell:Creating prefix script '/home/pdite/ros2_ws/install/local_setup.zsh'
[20.543s] INFO:colcon.colcon_core.shell:Creating prefix chain script '/home/pdite/ros2_ws/install/setup.zsh'
