[0.422s] DEBUG:colcon:Command line arguments: ['/usr/bin/colcon', 'build', '--packages-select', 'my_cpp_pkg']
[0.422s] DEBUG:colcon:Parsed command line arguments: Namespace(log_base=None, log_level=None, verb_name='build', build_base='build', install_base='install', merge_install=False, symlink_install=False, test_result_base=None, continue_on_error=False, executor='parallel', parallel_workers=16, event_handlers=None, ignore_user_meta=False, metas=['./colcon.meta'], base_paths=['.'], packages_ignore=None, packages_ignore_regex=None, paths=None, packages_up_to=None, packages_up_to_regex=None, packages_above=None, packages_above_and_dependencies=None, packages_above_depth=None, packages_select_by_dep=None, packages_skip_by_dep=None, packages_skip_up_to=None, packages_select_build_failed=False, packages_skip_build_finished=False, packages_select_test_failures=False, packages_skip_test_passed=False, packages_select=['my_cpp_pkg'], packages_skip=None, packages_select_regex=None, packages_skip_regex=None, packages_start=None, packages_end=None, allow_overriding=[], cmake_args=None, cmake_target=None, cmake_target_skip_unavailable=False, cmake_clean_cache=False, cmake_clean_first=False, cmake_force_configure=False, ament_cmake_args=None, catkin_cmake_args=None, catkin_skip_building_tests=False, mixin_files=None, mixin=None, verb_parser=<colcon_mixin.mixin.mixin_argument.MixinArgumentDecorator object at 0x7b56394926f0>, verb_extension=<colcon_core.verb.build.BuildVerb object at 0x7b56395baf90>, main=<bound method BuildVerb.main of <colcon_core.verb.build.BuildVerb object at 0x7b56395baf90>>, mixin_verb=('build',))
[0.530s] Level 1:colcon.colcon_core.package_discovery:discover_packages(colcon_meta) check parameters
[0.531s] Level 1:colcon.colcon_core.package_discovery:discover_packages(recursive) check parameters
[0.531s] Level 1:colcon.colcon_core.package_discovery:discover_packages(ignore) check parameters
[0.531s] Level 1:colcon.colcon_core.package_discovery:discover_packages(path) check parameters
[0.531s] Level 1:colcon.colcon_core.package_discovery:discover_packages(colcon_meta) discover
[0.531s] Level 1:colcon.colcon_core.package_discovery:discover_packages(recursive) discover
[0.531s] INFO:colcon.colcon_core.package_discovery:Crawling recursively for packages in '/home/pdite/ros2_ws'
[0.531s] Level 1:colcon.colcon_core.package_identification:_identify(.) by extensions ['ignore', 'ignore_ament_install']
[0.531s] Level 1:colcon.colcon_core.package_identification:_identify(.) by extension 'ignore'
[0.531s] Level 1:colcon.colcon_core.package_identification:_identify(.) by extension 'ignore_ament_install'
[0.531s] Level 1:colcon.colcon_core.package_identification:_identify(.) by extensions ['colcon_pkg']
[0.531s] Level 1:colcon.colcon_core.package_identification:_identify(.) by extension 'colcon_pkg'
[0.531s] Level 1:colcon.colcon_core.package_identification:_identify(.) by extensions ['colcon_meta']
[0.531s] Level 1:colcon.colcon_core.package_identification:_identify(.) by extension 'colcon_meta'
[0.531s] Level 1:colcon.colcon_core.package_identification:_identify(.) by extensions ['ros']
[0.532s] Level 1:colcon.colcon_core.package_identification:_identify(.) by extension 'ros'
[0.581s] Level 1:colcon.colcon_core.package_identification:_identify(.) by extensions ['cmake', 'python']
[0.581s] Level 1:colcon.colcon_core.package_identification:_identify(.) by extension 'cmake'
[0.581s] Level 1:colcon.colcon_core.package_identification:_identify(.) by extension 'python'
[0.581s] Level 1:colcon.colcon_core.package_identification:_identify(.) by extensions ['python_setup_py']
[0.581s] Level 1:colcon.colcon_core.package_identification:_identify(.) by extension 'python_setup_py'
[0.582s] Level 1:colcon.colcon_core.package_identification:_identify(build) by extensions ['ignore', 'ignore_ament_install']
[0.582s] Level 1:colcon.colcon_core.package_identification:_identify(build) by extension 'ignore'
[0.582s] Level 1:colcon.colcon_core.package_identification:_identify(build) ignored
[0.583s] Level 1:colcon.colcon_core.package_identification:_identify(install) by extensions ['ignore', 'ignore_ament_install']
[0.583s] Level 1:colcon.colcon_core.package_identification:_identify(install) by extension 'ignore'
[0.583s] Level 1:colcon.colcon_core.package_identification:_identify(install) ignored
[0.583s] Level 1:colcon.colcon_core.package_identification:_identify(log) by extensions ['ignore', 'ignore_ament_install']
[0.583s] Level 1:colcon.colcon_core.package_identification:_identify(log) by extension 'ignore'
[0.584s] Level 1:colcon.colcon_core.package_identification:_identify(log) ignored
[0.584s] Level 1:colcon.colcon_core.package_identification:_identify(src) by extensions ['ignore', 'ignore_ament_install']
[0.584s] Level 1:colcon.colcon_core.package_identification:_identify(src) by extension 'ignore'
[0.584s] Level 1:colcon.colcon_core.package_identification:_identify(src) by extension 'ignore_ament_install'
[0.584s] Level 1:colcon.colcon_core.package_identification:_identify(src) by extensions ['colcon_pkg']
[0.584s] Level 1:colcon.colcon_core.package_identification:_identify(src) by extension 'colcon_pkg'
[0.584s] Level 1:colcon.colcon_core.package_identification:_identify(src) by extensions ['colcon_meta']
[0.584s] Level 1:colcon.colcon_core.package_identification:_identify(src) by extension 'colcon_meta'
[0.585s] Level 1:colcon.colcon_core.package_identification:_identify(src) by extensions ['ros']
[0.585s] Level 1:colcon.colcon_core.package_identification:_identify(src) by extension 'ros'
[0.585s] Level 1:colcon.colcon_core.package_identification:_identify(src) by extensions ['cmake', 'python']
[0.585s] Level 1:colcon.colcon_core.package_identification:_identify(src) by extension 'cmake'
[0.585s] Level 1:colcon.colcon_core.package_identification:_identify(src) by extension 'python'
[0.585s] Level 1:colcon.colcon_core.package_identification:_identify(src) by extensions ['python_setup_py']
[0.585s] Level 1:colcon.colcon_core.package_identification:_identify(src) by extension 'python_setup_py'
[0.586s] Level 1:colcon.colcon_core.package_identification:_identify(src/build) by extensions ['ignore', 'ignore_ament_install']
[0.586s] Level 1:colcon.colcon_core.package_identification:_identify(src/build) by extension 'ignore'
[0.587s] Level 1:colcon.colcon_core.package_identification:_identify(src/build) by extension 'ignore_ament_install'
[0.587s] Level 1:colcon.colcon_core.package_identification:_identify(src/build) by extensions ['colcon_pkg']
[0.587s] Level 1:colcon.colcon_core.package_identification:_identify(src/build) by extension 'colcon_pkg'
[0.587s] Level 1:colcon.colcon_core.package_identification:_identify(src/build) by extensions ['colcon_meta']
[0.587s] Level 1:colcon.colcon_core.package_identification:_identify(src/build) by extension 'colcon_meta'
[0.587s] Level 1:colcon.colcon_core.package_identification:_identify(src/build) by extensions ['ros']
[0.587s] Level 1:colcon.colcon_core.package_identification:_identify(src/build) by extension 'ros'
[0.588s] Level 1:colcon.colcon_core.package_identification:_identify(src/build) ignored
[0.588s] Level 1:colcon.colcon_core.package_identification:_identify(src/my_cpp_pkg) by extensions ['ignore', 'ignore_ament_install']
[0.588s] Level 1:colcon.colcon_core.package_identification:_identify(src/my_cpp_pkg) by extension 'ignore'
[0.588s] Level 1:colcon.colcon_core.package_identification:_identify(src/my_cpp_pkg) by extension 'ignore_ament_install'
[0.588s] Level 1:colcon.colcon_core.package_identification:_identify(src/my_cpp_pkg) by extensions ['colcon_pkg']
[0.588s] Level 1:colcon.colcon_core.package_identification:_identify(src/my_cpp_pkg) by extension 'colcon_pkg'
[0.589s] Level 1:colcon.colcon_core.package_identification:_identify(src/my_cpp_pkg) by extensions ['colcon_meta']
[0.590s] Level 1:colcon.colcon_core.package_identification:_identify(src/my_cpp_pkg) by extension 'colcon_meta'
[0.590s] Level 1:colcon.colcon_core.package_identification:_identify(src/my_cpp_pkg) by extensions ['ros']
[0.590s] Level 1:colcon.colcon_core.package_identification:_identify(src/my_cpp_pkg) by extension 'ros'
[0.597s] DEBUG:colcon.colcon_core.package_identification:Package 'src/my_cpp_pkg' with type 'ros.ament_cmake' and name 'my_cpp_pkg'
[0.598s] Level 1:colcon.colcon_core.package_identification:_identify(src/my_py_pkg) by extensions ['ignore', 'ignore_ament_install']
[0.598s] Level 1:colcon.colcon_core.package_identification:_identify(src/my_py_pkg) by extension 'ignore'
[0.598s] Level 1:colcon.colcon_core.package_identification:_identify(src/my_py_pkg) by extension 'ignore_ament_install'
[0.598s] Level 1:colcon.colcon_core.package_identification:_identify(src/my_py_pkg) by extensions ['colcon_pkg']
[0.598s] Level 1:colcon.colcon_core.package_identification:_identify(src/my_py_pkg) by extension 'colcon_pkg'
[0.598s] Level 1:colcon.colcon_core.package_identification:_identify(src/my_py_pkg) by extensions ['colcon_meta']
[0.598s] Level 1:colcon.colcon_core.package_identification:_identify(src/my_py_pkg) by extension 'colcon_meta'
[0.599s] Level 1:colcon.colcon_core.package_identification:_identify(src/my_py_pkg) by extensions ['ros']
[0.599s] Level 1:colcon.colcon_core.package_identification:_identify(src/my_py_pkg) by extension 'ros'
[0.600s] DEBUG:colcon.colcon_core.package_identification:Package 'src/my_py_pkg' with type 'ros.ament_python' and name 'my_py_pkg'
[0.600s] Level 1:colcon.colcon_core.package_discovery:discover_packages(recursive) using defaults
[0.600s] Level 1:colcon.colcon_core.package_discovery:discover_packages(ignore) discover
[0.600s] Level 1:colcon.colcon_core.package_discovery:discover_packages(ignore) using defaults
[0.600s] Level 1:colcon.colcon_core.package_discovery:discover_packages(path) discover
[0.600s] Level 1:colcon.colcon_core.package_discovery:discover_packages(path) using defaults
[0.637s] INFO:colcon.colcon_core.package_selection:Skipping not selected package 'my_py_pkg' in 'src/my_py_pkg'
[0.638s] Level 1:colcon.colcon_core.package_discovery:discover_packages(prefix_path) check parameters
[0.638s] Level 1:colcon.colcon_core.package_discovery:discover_packages(prefix_path) discover
[0.645s] DEBUG:colcon.colcon_installed_package_information.package_discovery:Found 2 installed packages in /home/pdite/ros2_ws/install
[0.649s] DEBUG:colcon.colcon_installed_package_information.package_discovery:Found 378 installed packages in /opt/ros/jazzy
[0.652s] Level 1:colcon.colcon_core.package_discovery:discover_packages(prefix_path) using defaults
[0.843s] Level 5:colcon.colcon_core.verb:set package 'my_cpp_pkg' build argument 'cmake_args' from command line to 'None'
[0.843s] Level 5:colcon.colcon_core.verb:set package 'my_cpp_pkg' build argument 'cmake_target' from command line to 'None'
[0.843s] Level 5:colcon.colcon_core.verb:set package 'my_cpp_pkg' build argument 'cmake_target_skip_unavailable' from command line to 'False'
[0.843s] Level 5:colcon.colcon_core.verb:set package 'my_cpp_pkg' build argument 'cmake_clean_cache' from command line to 'False'
[0.843s] Level 5:colcon.colcon_core.verb:set package 'my_cpp_pkg' build argument 'cmake_clean_first' from command line to 'False'
[0.843s] Level 5:colcon.colcon_core.verb:set package 'my_cpp_pkg' build argument 'cmake_force_configure' from command line to 'False'
[0.843s] Level 5:colcon.colcon_core.verb:set package 'my_cpp_pkg' build argument 'ament_cmake_args' from command line to 'None'
[0.843s] Level 5:colcon.colcon_core.verb:set package 'my_cpp_pkg' build argument 'catkin_cmake_args' from command line to 'None'
[0.843s] Level 5:colcon.colcon_core.verb:set package 'my_cpp_pkg' build argument 'catkin_skip_building_tests' from command line to 'False'
[0.843s] DEBUG:colcon.colcon_core.verb:Building package 'my_cpp_pkg' with the following arguments: {'ament_cmake_args': None, 'build_base': '/home/pdite/ros2_ws/build/my_cpp_pkg', 'catkin_cmake_args': None, 'catkin_skip_building_tests': False, 'cmake_args': None, 'cmake_clean_cache': False, 'cmake_clean_first': False, 'cmake_force_configure': False, 'cmake_target': None, 'cmake_target_skip_unavailable': False, 'install_base': '/home/pdite/ros2_ws/install/my_cpp_pkg', 'merge_install': False, 'path': '/home/pdite/ros2_ws/src/my_cpp_pkg', 'symlink_install': False, 'test_result_base': None}
[0.843s] INFO:colcon.colcon_core.executor:Executing jobs using 'parallel' executor
[0.845s] DEBUG:colcon.colcon_parallel_executor.executor.parallel:run_until_complete
[0.845s] INFO:colcon.colcon_ros.task.ament_cmake.build:Building ROS package in '/home/pdite/ros2_ws/src/my_cpp_pkg' with build type 'ament_cmake'
[0.846s] INFO:colcon.colcon_cmake.task.cmake.build:Building CMake package in '/home/pdite/ros2_ws/src/my_cpp_pkg'
[0.853s] INFO:colcon.colcon_core.plugin_system:Skipping extension 'colcon_core.shell.bat': Not used on non-Windows systems
[0.853s] INFO:colcon.colcon_core.shell:Skip shell extension 'powershell' for command environment: Not usable outside of PowerShell
[0.853s] DEBUG:colcon.colcon_core.shell:Skip shell extension 'dsv' for command environment
[0.874s] DEBUG:colcon.colcon_core.event_handler.log_command:Invoking command in '/home/pdite/ros2_ws/build/my_cpp_pkg': CMAKE_PREFIX_PATH=${CMAKE_PREFIX_PATH}:/home/pdite/ros2_ws/install/my_py_pkg:/opt/ros/jazzy /usr/bin/cmake --build /home/pdite/ros2_ws/build/my_cpp_pkg -- -j16 -l16
[8.857s] DEBUG:colcon.colcon_core.event_handler.log_command:Invoked command in '/home/pdite/ros2_ws/build/my_cpp_pkg' returned '0': CMAKE_PREFIX_PATH=${CMAKE_PREFIX_PATH}:/home/pdite/ros2_ws/install/my_py_pkg:/opt/ros/jazzy /usr/bin/cmake --build /home/pdite/ros2_ws/build/my_cpp_pkg -- -j16 -l16
[8.883s] DEBUG:colcon.colcon_core.event_handler.log_command:Invoking command in '/home/pdite/ros2_ws/build/my_cpp_pkg': CMAKE_PREFIX_PATH=${CMAKE_PREFIX_PATH}:/home/pdite/ros2_ws/install/my_py_pkg:/opt/ros/jazzy /usr/bin/cmake --install /home/pdite/ros2_ws/build/my_cpp_pkg
[8.920s] Level 1:colcon.colcon_core.environment:create_environment_scripts_only(my_cpp_pkg)
[8.920s] DEBUG:colcon.colcon_core.event_handler.log_command:Invoked command in '/home/pdite/ros2_ws/build/my_cpp_pkg' returned '0': CMAKE_PREFIX_PATH=${CMAKE_PREFIX_PATH}:/home/pdite/ros2_ws/install/my_py_pkg:/opt/ros/jazzy /usr/bin/cmake --install /home/pdite/ros2_ws/build/my_cpp_pkg
[8.929s] Level 1:colcon.colcon_core.environment:checking '/home/pdite/ros2_ws/install/my_cpp_pkg' for CMake module files
[8.931s] Level 1:colcon.colcon_core.environment:checking '/home/pdite/ros2_ws/install/my_cpp_pkg' for CMake config files
[8.934s] Level 1:colcon.colcon_core.shell:create_environment_hook('my_cpp_pkg', 'cmake_prefix_path')
[8.934s] INFO:colcon.colcon_core.shell:Creating environment hook '/home/pdite/ros2_ws/install/my_cpp_pkg/share/my_cpp_pkg/hook/cmake_prefix_path.ps1'
[8.936s] INFO:colcon.colcon_core.shell:Creating environment descriptor '/home/pdite/ros2_ws/install/my_cpp_pkg/share/my_cpp_pkg/hook/cmake_prefix_path.dsv'
[8.937s] INFO:colcon.colcon_core.shell:Creating environment hook '/home/pdite/ros2_ws/install/my_cpp_pkg/share/my_cpp_pkg/hook/cmake_prefix_path.sh'
[8.939s] Level 1:colcon.colcon_core.environment:checking '/home/pdite/ros2_ws/install/my_cpp_pkg/lib'
[8.939s] Level 1:colcon.colcon_core.environment:checking '/home/pdite/ros2_ws/install/my_cpp_pkg/bin'
[8.940s] Level 1:colcon.colcon_core.environment:checking '/home/pdite/ros2_ws/install/my_cpp_pkg/lib/pkgconfig/my_cpp_pkg.pc'
[8.940s] Level 1:colcon.colcon_core.environment:checking '/home/pdite/ros2_ws/install/my_cpp_pkg/lib/python3.12/site-packages'
[8.940s] Level 1:colcon.colcon_core.environment:checking '/home/pdite/ros2_ws/install/my_cpp_pkg/bin'
[8.941s] INFO:colcon.colcon_core.shell:Creating package script '/home/pdite/ros2_ws/install/my_cpp_pkg/share/my_cpp_pkg/package.ps1'
[8.942s] INFO:colcon.colcon_core.shell:Creating package descriptor '/home/pdite/ros2_ws/install/my_cpp_pkg/share/my_cpp_pkg/package.dsv'
[8.943s] INFO:colcon.colcon_core.shell:Creating package script '/home/pdite/ros2_ws/install/my_cpp_pkg/share/my_cpp_pkg/package.sh'
[8.945s] INFO:colcon.colcon_core.shell:Creating package script '/home/pdite/ros2_ws/install/my_cpp_pkg/share/my_cpp_pkg/package.bash'
[8.946s] INFO:colcon.colcon_core.shell:Creating package script '/home/pdite/ros2_ws/install/my_cpp_pkg/share/my_cpp_pkg/package.zsh'
[8.947s] Level 1:colcon.colcon_core.environment:create_file_with_runtime_dependencies(/home/pdite/ros2_ws/install/my_cpp_pkg/share/colcon-core/packages/my_cpp_pkg)
[8.948s] Level 1:colcon.colcon_core.environment:create_environment_scripts_only(my_cpp_pkg)
[8.948s] Level 1:colcon.colcon_core.environment:checking '/home/pdite/ros2_ws/install/my_cpp_pkg' for CMake module files
[8.949s] Level 1:colcon.colcon_core.environment:checking '/home/pdite/ros2_ws/install/my_cpp_pkg' for CMake config files
[8.950s] Level 1:colcon.colcon_core.shell:create_environment_hook('my_cpp_pkg', 'cmake_prefix_path')
[8.950s] INFO:colcon.colcon_core.shell:Creating environment hook '/home/pdite/ros2_ws/install/my_cpp_pkg/share/my_cpp_pkg/hook/cmake_prefix_path.ps1'
[8.951s] INFO:colcon.colcon_core.shell:Creating environment descriptor '/home/pdite/ros2_ws/install/my_cpp_pkg/share/my_cpp_pkg/hook/cmake_prefix_path.dsv'
[8.951s] INFO:colcon.colcon_core.shell:Creating environment hook '/home/pdite/ros2_ws/install/my_cpp_pkg/share/my_cpp_pkg/hook/cmake_prefix_path.sh'
[8.952s] Level 1:colcon.colcon_core.environment:checking '/home/pdite/ros2_ws/install/my_cpp_pkg/lib'
[8.952s] Level 1:colcon.colcon_core.environment:checking '/home/pdite/ros2_ws/install/my_cpp_pkg/bin'
[8.952s] Level 1:colcon.colcon_core.environment:checking '/home/pdite/ros2_ws/install/my_cpp_pkg/lib/pkgconfig/my_cpp_pkg.pc'
[8.953s] Level 1:colcon.colcon_core.environment:checking '/home/pdite/ros2_ws/install/my_cpp_pkg/lib/python3.12/site-packages'
[8.954s] Level 1:colcon.colcon_core.environment:checking '/home/pdite/ros2_ws/install/my_cpp_pkg/bin'
[8.954s] INFO:colcon.colcon_core.shell:Creating package script '/home/pdite/ros2_ws/install/my_cpp_pkg/share/my_cpp_pkg/package.ps1'
[8.955s] INFO:colcon.colcon_core.shell:Creating package descriptor '/home/pdite/ros2_ws/install/my_cpp_pkg/share/my_cpp_pkg/package.dsv'
[8.955s] INFO:colcon.colcon_core.shell:Creating package script '/home/pdite/ros2_ws/install/my_cpp_pkg/share/my_cpp_pkg/package.sh'
[8.956s] INFO:colcon.colcon_core.shell:Creating package script '/home/pdite/ros2_ws/install/my_cpp_pkg/share/my_cpp_pkg/package.bash'
[8.956s] INFO:colcon.colcon_core.shell:Creating package script '/home/pdite/ros2_ws/install/my_cpp_pkg/share/my_cpp_pkg/package.zsh'
[8.957s] Level 1:colcon.colcon_core.environment:create_file_with_runtime_dependencies(/home/pdite/ros2_ws/install/my_cpp_pkg/share/colcon-core/packages/my_cpp_pkg)
[8.958s] DEBUG:colcon.colcon_parallel_executor.executor.parallel:closing loop
[8.959s] DEBUG:colcon.colcon_parallel_executor.executor.parallel:loop closed
[8.959s] DEBUG:colcon.colcon_parallel_executor.executor.parallel:run_until_complete finished with '0'
[8.960s] DEBUG:colcon.colcon_core.event_reactor:joining thread
[9.013s] INFO:colcon.colcon_core.plugin_system:Skipping extension 'colcon_notification.desktop_notification.notify_send': Could not find 'notify-send'
[9.014s] INFO:colcon.colcon_core.plugin_system:Skipping extension 'colcon_notification.desktop_notification.terminal_notifier': Not used on non-Darwin systems
[9.014s] INFO:colcon.colcon_core.plugin_system:Skipping extension 'colcon_notification.desktop_notification.win32': Not used on non-Windows systems
[9.014s] INFO:colcon.colcon_notification.desktop_notification:Sending desktop notification using 'notify2'
[9.022s] DEBUG:colcon.colcon_notification.desktop_notification.notify2:Failed to initialize notify2: org.freedesktop.DBus.Error.ServiceUnknown: The name org.freedesktop.Notifications was not provided by any .service files
[9.023s] DEBUG:colcon.colcon_core.event_reactor:joined thread
[9.023s] INFO:colcon.colcon_core.shell:Creating prefix script '/home/pdite/ros2_ws/install/local_setup.ps1'
[9.024s] INFO:colcon.colcon_core.shell:Creating prefix util module '/home/pdite/ros2_ws/install/_local_setup_util_ps1.py'
[9.026s] INFO:colcon.colcon_core.shell:Creating prefix chain script '/home/pdite/ros2_ws/install/setup.ps1'
[9.028s] INFO:colcon.colcon_core.shell:Creating prefix script '/home/pdite/ros2_ws/install/local_setup.sh'
[9.029s] INFO:colcon.colcon_core.shell:Creating prefix util module '/home/pdite/ros2_ws/install/_local_setup_util_sh.py'
[9.030s] INFO:colcon.colcon_core.shell:Creating prefix chain script '/home/pdite/ros2_ws/install/setup.sh'
[9.032s] INFO:colcon.colcon_core.shell:Creating prefix script '/home/pdite/ros2_ws/install/local_setup.bash'
[9.033s] INFO:colcon.colcon_core.shell:Creating prefix chain script '/home/pdite/ros2_ws/install/setup.bash'
[9.035s] INFO:colcon.colcon_core.shell:Creating prefix script '/home/pdite/ros2_ws/install/local_setup.zsh'
[9.036s] INFO:colcon.colcon_core.shell:Creating prefix chain script '/home/pdite/ros2_ws/install/setup.zsh'
