[0.038s] Invoking command in '/home/pdite/ros2_ws/build/my_cpp_pkg': CMAKE_PREFIX_PATH=${CMAKE_PREFIX_PATH}:/home/pdite/ros2_ws/install/my_py_pkg:/opt/ros/jazzy /usr/bin/cmake --build /home/pdite/ros2_ws/build/my_cpp_pkg -- -j16 -l16
[0.308s] [ 50%] Built target test_node
[0.325s] [100%] Built target number_publisher
[0.362s] Invoked command in '/home/pdite/ros2_ws/build/my_cpp_pkg' returned '0': CMAKE_PREFIX_PATH=${CMAKE_PREFIX_PATH}:/home/pdite/ros2_ws/install/my_py_pkg:/opt/ros/jazzy /usr/bin/cmake --build /home/pdite/ros2_ws/build/my_cpp_pkg -- -j16 -l16
[0.387s] Invoking command in '/home/pdite/ros2_ws/build/my_cpp_pkg': CMAKE_PREFIX_PATH=${CMAKE_PREFIX_PATH}:/home/pdite/ros2_ws/install/my_py_pkg:/opt/ros/jazzy /usr/bin/cmake --install /home/pdite/ros2_ws/build/my_cpp_pkg
[0.411s] -- Install configuration: ""
[0.414s] -- Up-to-date: /home/pdite/ros2_ws/install/my_cpp_pkg/lib/my_cpp_pkg/test_node
[0.416s] -- Up-to-date: /home/pdite/ros2_ws/install/my_cpp_pkg/lib/my_cpp_pkg/number_publisher
[0.417s] -- Up-to-date: /home/pdite/ros2_ws/install/my_cpp_pkg/share/ament_index/resource_index/package_run_dependencies/my_cpp_pkg
[0.417s] -- Up-to-date: /home/pdite/ros2_ws/install/my_cpp_pkg/share/ament_index/resource_index/parent_prefix_path/my_cpp_pkg
[0.417s] -- Up-to-date: /home/pdite/ros2_ws/install/my_cpp_pkg/share/my_cpp_pkg/environment/ament_prefix_path.sh
[0.418s] -- Up-to-date: /home/pdite/ros2_ws/install/my_cpp_pkg/share/my_cpp_pkg/environment/ament_prefix_path.dsv
[0.418s] -- Up-to-date: /home/pdite/ros2_ws/install/my_cpp_pkg/share/my_cpp_pkg/environment/path.sh
[0.419s] -- Up-to-date: /home/pdite/ros2_ws/install/my_cpp_pkg/share/my_cpp_pkg/environment/path.dsv
[0.419s] -- Up-to-date: /home/pdite/ros2_ws/install/my_cpp_pkg/share/my_cpp_pkg/local_setup.bash
[0.419s] -- Up-to-date: /home/pdite/ros2_ws/install/my_cpp_pkg/share/my_cpp_pkg/local_setup.sh
[0.420s] -- Up-to-date: /home/pdite/ros2_ws/install/my_cpp_pkg/share/my_cpp_pkg/local_setup.zsh
[0.420s] -- Up-to-date: /home/pdite/ros2_ws/install/my_cpp_pkg/share/my_cpp_pkg/local_setup.dsv
[0.421s] -- Installing: /home/pdite/ros2_ws/install/my_cpp_pkg/share/my_cpp_pkg/package.dsv
[0.421s] -- Up-to-date: /home/pdite/ros2_ws/install/my_cpp_pkg/share/ament_index/resource_index/packages/my_cpp_pkg
[0.421s] -- Up-to-date: /home/pdite/ros2_ws/install/my_cpp_pkg/share/my_cpp_pkg/cmake/my_cpp_pkgConfig.cmake
[0.422s] -- Up-to-date: /home/pdite/ros2_ws/install/my_cpp_pkg/share/my_cpp_pkg/cmake/my_cpp_pkgConfig-version.cmake
[0.422s] -- Up-to-date: /home/pdite/ros2_ws/install/my_cpp_pkg/share/my_cpp_pkg/package.xml
[0.427s] Invoked command in '/home/pdite/ros2_ws/build/my_cpp_pkg' returned '0': CMAKE_PREFIX_PATH=${CMAKE_PREFIX_PATH}:/home/pdite/ros2_ws/install/my_py_pkg:/opt/ros/jazzy /usr/bin/cmake --install /home/pdite/ros2_ws/build/my_cpp_pkg
