[0.039s] Invoking command in '/home/pdite/ros2_ws/build/my_cpp_pkg': CMAKE_PREFIX_PATH=${CMAKE_PREFIX_PATH}:/opt/ros/jazzy /usr/bin/cmake /home/pdite/ros2_ws/src/my_cpp_pkg -DCMAKE_INSTALL_PREFIX=/home/pdite/ros2_ws/install/my_cpp_pkg
[0.541s] -- The C compiler identification is GNU 13.3.0
[1.345s] -- The CXX compiler identification is GNU 13.3.0
[1.955s] -- Detecting C compiler ABI info
[2.364s] -- Detecting C compiler ABI info - done
[2.375s] -- Check for working C compiler: /usr/bin/cc - skipped
[2.378s] -- Detecting C compile features
[2.379s] -- Detecting C compile features - done
[2.491s] -- Detecting CXX compiler ABI info
[2.901s] -- Detecting CXX compiler ABI info - done
[2.915s] -- Check for working CXX compiler: /usr/bin/c++ - skipped
[2.916s] -- Detecting CXX compile features
[2.916s] -- Detecting CXX compile features - done
[2.972s] -- Found ament_cmake: 2.5.4 (/opt/ros/jazzy/share/ament_cmake/cmake)
[3.263s] -- Found Python3: /usr/bin/python3 (found version "3.12.3") found components: Interpreter 
[3.577s] -- Found rclcpp: 28.1.13 (/opt/ros/jazzy/share/rclcpp/cmake)
[3.877s] -- Found rosidl_generator_c: 4.6.6 (/opt/ros/jazzy/share/rosidl_generator_c/cmake)
[3.916s] -- Found rosidl_generator_cpp: 4.6.6 (/opt/ros/jazzy/share/rosidl_generator_cpp/cmake)
[3.977s] -- Using all available rosidl_typesupport_c: rosidl_typesupport_fastrtps_c;rosidl_typesupport_introspection_c
[4.035s] -- Using all available rosidl_typesupport_cpp: rosidl_typesupport_fastrtps_cpp;rosidl_typesupport_introspection_cpp
[4.296s] -- Found rmw_implementation_cmake: 7.3.2 (/opt/ros/jazzy/share/rmw_implementation_cmake/cmake)
[4.308s] -- Found rmw_fastrtps_cpp: 8.4.3 (/opt/ros/jazzy/share/rmw_fastrtps_cpp/cmake)
[4.600s] -- Found OpenSSL: /usr/lib/x86_64-linux-gnu/libcrypto.so (found version "3.0.13")  
[4.805s] -- Found FastRTPS: /opt/ros/jazzy/include (Required is at least version "2.13") 
[4.947s] -- Using RMW implementation 'rmw_fastrtps_cpp' as default
[5.309s] -- Found ament_lint_auto: 0.17.3 (/opt/ros/jazzy/share/ament_lint_auto/cmake)
[5.538s] -- Added test 'lint_cmake' to check CMake code style
[5.544s] -- Added test 'xmllint' to check XML markup files
[5.551s] -- Configuring done (5.4s)
[5.568s] -- Generating done (0.0s)
[5.574s] -- Build files have been written to: /home/pdite/ros2_ws/build/my_cpp_pkg
[5.594s] Invoked command in '/home/pdite/ros2_ws/build/my_cpp_pkg' returned '0': CMAKE_PREFIX_PATH=${CMAKE_PREFIX_PATH}:/opt/ros/jazzy /usr/bin/cmake /home/pdite/ros2_ws/src/my_cpp_pkg -DCMAKE_INSTALL_PREFIX=/home/pdite/ros2_ws/install/my_cpp_pkg
[5.596s] Invoking command in '/home/pdite/ros2_ws/build/my_cpp_pkg': CMAKE_PREFIX_PATH=${CMAKE_PREFIX_PATH}:/opt/ros/jazzy /usr/bin/cmake --build /home/pdite/ros2_ws/build/my_cpp_pkg -- -j16 -l16
[5.707s] Invoked command in '/home/pdite/ros2_ws/build/my_cpp_pkg' returned '0': CMAKE_PREFIX_PATH=${CMAKE_PREFIX_PATH}:/opt/ros/jazzy /usr/bin/cmake --build /home/pdite/ros2_ws/build/my_cpp_pkg -- -j16 -l16
[5.732s] Invoking command in '/home/pdite/ros2_ws/build/my_cpp_pkg': CMAKE_PREFIX_PATH=${CMAKE_PREFIX_PATH}:/opt/ros/jazzy /usr/bin/cmake --install /home/pdite/ros2_ws/build/my_cpp_pkg
[5.756s] -- Install configuration: ""
[5.758s] -- Installing: /home/pdite/ros2_ws/install/my_cpp_pkg/share/ament_index/resource_index/package_run_dependencies/my_cpp_pkg
[5.760s] -- Installing: /home/pdite/ros2_ws/install/my_cpp_pkg/share/ament_index/resource_index/parent_prefix_path/my_cpp_pkg
[5.763s] -- Installing: /home/pdite/ros2_ws/install/my_cpp_pkg/share/my_cpp_pkg/environment/ament_prefix_path.sh
[5.764s] -- Installing: /home/pdite/ros2_ws/install/my_cpp_pkg/share/my_cpp_pkg/environment/ament_prefix_path.dsv
[5.764s] -- Installing: /home/pdite/ros2_ws/install/my_cpp_pkg/share/my_cpp_pkg/environment/path.sh
[5.765s] -- Installing: /home/pdite/ros2_ws/install/my_cpp_pkg/share/my_cpp_pkg/environment/path.dsv
[5.765s] -- Installing: /home/pdite/ros2_ws/install/my_cpp_pkg/share/my_cpp_pkg/local_setup.bash
[5.765s] -- Installing: /home/pdite/ros2_ws/install/my_cpp_pkg/share/my_cpp_pkg/local_setup.sh
[5.766s] -- Installing: /home/pdite/ros2_ws/install/my_cpp_pkg/share/my_cpp_pkg/local_setup.zsh
[5.766s] -- Installing: /home/pdite/ros2_ws/install/my_cpp_pkg/share/my_cpp_pkg/local_setup.dsv
[5.768s] -- Installing: /home/pdite/ros2_ws/install/my_cpp_pkg/share/my_cpp_pkg/package.dsv
[5.770s] -- Installing: /home/pdite/ros2_ws/install/my_cpp_pkg/share/ament_index/resource_index/packages/my_cpp_pkg
[5.771s] -- Installing: /home/pdite/ros2_ws/install/my_cpp_pkg/share/my_cpp_pkg/cmake/my_cpp_pkgConfig.cmake
[5.771s] -- Installing: /home/pdite/ros2_ws/install/my_cpp_pkg/share/my_cpp_pkg/cmake/my_cpp_pkgConfig-version.cmake
[5.772s] -- Installing: /home/pdite/ros2_ws/install/my_cpp_pkg/share/my_cpp_pkg/package.xml
[5.779s] Invoked command in '/home/pdite/ros2_ws/build/my_cpp_pkg' returned '0': CMAKE_PREFIX_PATH=${CMAKE_PREFIX_PATH}:/opt/ros/jazzy /usr/bin/cmake --install /home/pdite/ros2_ws/build/my_cpp_pkg
